d:\computer-graphic-project\submarine-simulator\debug\vc142.pdb
d:\computer-graphic-project\submarine-simulator\debug\vc142.idb
d:\computer-graphic-project\submarine-simulator\debug\texture.obj
d:\computer-graphic-project\submarine-simulator\debug\skybox.obj
d:\computer-graphic-project\submarine-simulator\debug\shark.obj
d:\computer-graphic-project\submarine-simulator\debug\shader_loader.obj
d:\computer-graphic-project\submarine-simulator\debug\render_utils.obj
d:\computer-graphic-project\submarine-simulator\debug\picopng.obj
d:\computer-graphic-project\submarine-simulator\debug\physics.obj
d:\computer-graphic-project\submarine-simulator\debug\particle.obj
d:\computer-graphic-project\submarine-simulator\debug\main.obj
d:\computer-graphic-project\submarine-simulator\debug\catmallrum.obj
d:\computer-graphic-project\submarine-simulator\debug\camera.obj
d:\computer-graphic-project\submarine-simulator\debug\boids.obj
c:\users\klaud\desktop\computergraphics\fogv\submarine-simulator\debug\vc142.pdb
c:\users\klaud\desktop\computergraphics\fogv\submarine-simulator\debug\vc142.idb
c:\users\klaud\desktop\computergraphics\fogv\submarine-simulator\debug\texture.obj
c:\users\klaud\desktop\computergraphics\fogv\submarine-simulator\debug\skybox.obj
c:\users\klaud\desktop\computergraphics\fogv\submarine-simulator\debug\shark.obj
c:\users\klaud\desktop\computergraphics\fogv\submarine-simulator\debug\shader_loader.obj
c:\users\klaud\desktop\computergraphics\fogv\submarine-simulator\debug\render_utils.obj
c:\users\klaud\desktop\computergraphics\fogv\submarine-simulator\debug\picopng.obj
c:\users\klaud\desktop\computergraphics\fogv\submarine-simulator\debug\physics.obj
c:\users\klaud\desktop\computergraphics\fogv\submarine-simulator\debug\particle.obj
c:\users\klaud\desktop\computergraphics\fogv\submarine-simulator\debug\main.obj
c:\users\klaud\desktop\computergraphics\fogv\submarine-simulator\debug\catmallrum.obj
c:\users\klaud\desktop\computergraphics\fogv\submarine-simulator\debug\camera.obj
c:\users\klaud\desktop\computergraphics\fogv\submarine-simulator\debug\boids.obj
d:\computer-graphic-project\submarine-simulator\debug\grk-cw8.exe
d:\computer-graphic-project\submarine-simulator\debug\grk-cw8.pdb
c:\users\klaud\desktop\computergraphics\fogv\submarine-simulator\debug\grk-cw8.exe
c:\users\klaud\desktop\computergraphics\fogv\submarine-simulator\debug\grk-cw8.pdb
d:\computer-graphic-project\submarine-simulator\debug\grk-cw8.tlog\cl.command.1.tlog
d:\computer-graphic-project\submarine-simulator\debug\grk-cw8.tlog\cl.read.1.tlog
d:\computer-graphic-project\submarine-simulator\debug\grk-cw8.tlog\cl.write.1.tlog
d:\computer-graphic-project\submarine-simulator\debug\grk-cw8.tlog\link.command.1.tlog
d:\computer-graphic-project\submarine-simulator\debug\grk-cw8.tlog\link.read.1.tlog
d:\computer-graphic-project\submarine-simulator\debug\grk-cw8.tlog\link.write.1.tlog
